{"level":"info","message":"error format data......test","timestamp":"2016-08-24T05:39:12.131Z"}
{"level":"error","message":"error format data......test","timestamp":"2016-08-24T05:40:41.513Z"}
{"level":"info","message":"tetst","timestamp":"2016-08-24T05:46:21.711Z"}
{"level":"info","message":"","timestamp":"2016-08-25T02:04:56.730Z"}
{"level":"info","message":"","timestamp":"2016-08-25T02:05:58.954Z"}
{"level":"info","message":"","timestamp":"2016-08-25T02:06:39.740Z"}
{"level":"info","message":"","timestamp":"2016-08-25T02:11:47.203Z"}
{"level":"info","message":"","timestamp":"2016-08-25T02:14:46.780Z"}
{"level":"info","message":"{\"__v\":0,\"mPersonName\":\"333\",\"mTel\":\"35456\",\"mIdCard\":\"gffg\",\"mCardPath\":\"dfgbbh\",\"mLocation\":\"ghbghn\",\"mBrand\":\"fgbfb\",\"mLogoPath\":\"fgbfbhfg\",\"mPassword\":\"455\",\"mStark\":4,\"_id\":\"57be55439b74cbdc35b218cf\"}","timestamp":"2016-08-25T02:17:41.076Z"}
{"level":"info","message":"{\"mId\":\"57be56dc80b44ddc32c441e1\",\"mPersonName\":\"333\",\"mTel\":\"35456\",\"mIdCard\":\"gffg\",\"mCardPath\":\"dfgbbh\",\"mLocation\":\"ghbghn\",\"mBrand\":\"fgbfb\"}","timestamp":"2016-08-25T02:24:29.584Z"}
{"level":"info","message":"","timestamp":"2016-08-25T02:56:07.095Z"}
{"level":"info","message":"","timestamp":"2016-08-25T02:56:28.188Z"}
{"level":"info","message":"{\"fId\":\"57be5d992e13b3fd08f948b8\",\"fName\":\"珍相思奶茶\",\"mId\":\"1103\",\"fViewPath\":\"13926957686/Foods/珍相思奶茶10.0.jpg\"}","timestamp":"2016-08-25T02:58:12.701Z"}
{"level":"info","message":"{\"__v\":0,\"mLogoPath\":\"sH1lYX7qGmQaMeF1TlIaGlgl.jpg\",\"mCardPath\":\"sH1lYX7qGmQaMeF1TlIaGlgl.jpg\",\"mPersonName\":\"aaa\",\"mTel\":\"13622232223\",\"mPassword\":\"123456\",\"mIdCard\":\"452122199308070001\",\"mLocation\":\"aaa\",\"mBrand\":\"aaa\",\"mStark\":10,\"_id\":\"57be84589d3144fc25bef7f3\"}","timestamp":"2016-08-25T05:38:32.215Z"}
{"level":"info","message":"{\"__v\":0,\"mLogoPath\":\"A1EuRzlEcrcp35zZBIjMnh7x.jpg\",\"mCardPath\":\"A1EuRzlEcrcp35zZBIjMnh7x.jpg\",\"mPersonName\":\"aaa\",\"mTel\":\"13622323321\",\"mPassword\":\"123456\",\"mIdCard\":\"452122199308070001\",\"mLocation\":\"aaa\",\"mBrand\":\"aaa\",\"mStark\":10,\"_id\":\"57be8906249ddfd0190985a6\"}","timestamp":"2016-08-25T05:58:30.879Z"}
{"level":"info","message":"{\"__v\":0,\"mLogoPath\":\"dPBFxlmfKxX67lcUi1y4tFVT.jpg\",\"mCardPath\":\"dPBFxlmfKxX67lcUi1y4tFVT.jpg\",\"mPersonName\":\"aaa\",\"mTel\":\"13512223145\",\"mPassword\":\"123456\",\"mIdCard\":\"452122199308070001\",\"mLocation\":\"aaa\",\"mBrand\":\"aaa\",\"mStark\":10,\"_id\":\"57be89b4e227fb541faceebf\"}","timestamp":"2016-08-25T06:01:24.948Z"}
{"level":"info","message":"{\"__v\":0,\"mLogoPath\":\"GbliGCeFfrhWc3qnLFGLcbCR.jpg\",\"mCardPath\":\"GbliGCeFfrhWc3qnLFGLcbCR.jpg\",\"mPersonName\":\"aaa\",\"mTel\":\"13623222222\",\"mPassword\":\"123456\",\"mIdCard\":\"452122199308070001\",\"mLocation\":\"aaa\",\"mBrand\":\"aaa\",\"mStark\":10,\"_id\":\"57be8b3f09a7036c2338ae92\"}","timestamp":"2016-08-25T06:07:59.571Z"}
{"level":"info","message":"{\"__v\":0,\"mLogoPath\":\"4ldbAXVhZ8QaSJKJGAbikpru.jpg\",\"mCardPath\":\"4ldbAXVhZ8QaSJKJGAbikpru.jpg\",\"mPersonName\":\"aaa\",\"mTel\":\"13623222222\",\"mPassword\":\"123456\",\"mIdCard\":\"452122199308070001\",\"mLocation\":\"aaa\",\"mBrand\":\"aaa\",\"mStark\":10,\"_id\":\"57be8bb6c419b6d026b93e32\"}","timestamp":"2016-08-25T06:09:58.231Z"}
{"level":"info","message":"{\"__v\":0,\"mLogoPath\":\"sLNrRRuq_d85kt5TVRAJrQmx.jpg\",\"mCardPath\":\"sLNrRRuq_d85kt5TVRAJrQmx.jpg\",\"mPersonName\":\"avril\",\"mTel\":\"13926957686\",\"mPassword\":\"123456\",\"mIdCard\":\"452122199308070001\",\"mLocation\":\"nanruan\",\"mBrand\":\"super\",\"mStark\":10,\"_id\":\"57be8d2ab8778c7425d2f0a8\"}","timestamp":"2016-08-25T06:16:10.314Z"}
{"level":"info","message":"57be88830d3688c838ca2bca#","timestamp":"2016-08-25T06:19:25.815Z"}
{"level":"info","message":"57be888d0d3688c838ca2bcc#","timestamp":"2016-08-25T06:34:28.154Z"}
{"level":"info","message":"57be9a70f9374b7c2ab5d7b6#","timestamp":"2016-08-25T07:13:33.086Z"}
{"level":"info","message":"57be9a70f9374b7c2ab5d7b6#","timestamp":"2016-08-25T07:14:38.039Z"}
{"level":"info","message":"{\"__v\":0,\"mLogoPath\":\"WJgHh1BcEEiJRJp4YKKr2CQG.jpg\",\"mCardPath\":\"WJgHh1BcEEiJRJp4YKKr2CQG.jpg\",\"mPersonName\":\"avril\",\"mTel\":\"13926957686\",\"mPassword\":\"123456\",\"mIdCard\":\"452122199308070001\",\"mLocation\":\"hhhh\",\"mBrand\":\"aaa\",\"mStark\":10,\"_id\":\"57bea72ebb727ea02a4e85e6\"}","timestamp":"2016-08-25T08:07:10.248Z"}
{"level":"info","message":"{}","timestamp":"2016-08-25T08:13:43.502Z"}
{"level":"info","message":"{\"__v\":0,\"mLogoPath\":\"hOX6c3Ic5kozBSgnZGZRx_gs.jpg\",\"mCardPath\":\"hOX6c3Ic5kozBSgnZGZRx_gs.jpg\",\"mPersonName\":\"avril\",\"mTel\":\"13926957686\",\"mPassword\":\"123456\",\"mIdCard\":\"452122199308070001\",\"mLocation\":\"aaa\",\"mBrand\":\"bbb\",\"mStark\":10,\"_id\":\"57bea9bb78a226a827ebd863\"}","timestamp":"2016-08-25T08:18:03.209Z"}
{"level":"info","message":"{\"mId\":\"57beaa3937be69740401b959\",\"mPersonName\":\"avril\",\"mTel\":\"13926957686\",\"mIdCard\":\"452122199308070001\",\"mCardPath\":\"F6BHjI_FWmJdX0kSMxujgAvJ.jpg\",\"mLocation\":\"aaa\",\"mBrand\":\"bbb\"}","timestamp":"2016-08-25T08:20:09.878Z"}
{"level":"info","message":"{\"mId\":\"57beb301d47b84d00ddf1bae\",\"mPersonName\":\"vicky\",\"mTel\":\"15071237066\",\"mIdCard\":\"420117199303035529\",\"mCardPath\":\"XjDlcpctdLGjNe4ckMnr6LqM.png\",\"mLocation\":\"test\",\"mBrand\":\"test\"}","timestamp":"2016-08-25T08:57:37.718Z"}
{"level":"info","message":"{\"mId\":\"57beb3670d549a34381111b4\",\"mPersonName\":\"vicky\",\"mTel\":\"15071237066\",\"mIdCard\":\"420117199303035529\",\"mCardPath\":\"HstP9WX4bGdWv-oMi0mDyed0.png\",\"mLocation\":\"ttt\",\"mBrand\":\"ttt\"}","timestamp":"2016-08-25T08:59:19.989Z"}
{"level":"info","message":"{\"fId\":\"57bda43819e6c14028feca43\",\"fName\":\"test1\"}","timestamp":"2016-08-25T09:28:49.795Z"}
{"level":"info","message":"{\"fId\":\"57bda43819e6c14028feca43\",\"fName\":\"test1\"}","timestamp":"2016-08-25T09:28:58.169Z"}
{"level":"info","message":"{\"fId\":\"57beb50e6eec1318230257d8\",\"fName\":\"bbb\",\"fViewPath\":\"Q24uCWH5t-hi7Oo8mrjVmKxr.jpg\"}","timestamp":"2016-08-25T09:31:21.418Z"}
{"level":"info","message":"{\"fId\":\"57beb50e6eec1318230257d8\",\"fName\":\"bbb\",\"fViewPath\":\"Q24uCWH5t-hi7Oo8mrjVmKxr.jpg\"}","timestamp":"2016-08-25T09:31:22.100Z"}
{"level":"info","message":"{\"fId\":\"57beb50e6eec1318230257d8\",\"fName\":\"bbb\",\"fViewPath\":\"Q24uCWH5t-hi7Oo8mrjVmKxr.jpg\"}","timestamp":"2016-08-25T09:31:22.788Z"}
{"level":"info","message":"{\"fId\":\"57beb50e6eec1318230257d8\",\"fName\":\"bbb\",\"fViewPath\":\"Q24uCWH5t-hi7Oo8mrjVmKxr.jpg\"}","timestamp":"2016-08-25T09:31:23.277Z"}
{"level":"info","message":"{\"fId\":\"57beb50e6eec1318230257d8\",\"fName\":\"bbb\",\"fViewPath\":\"Q24uCWH5t-hi7Oo8mrjVmKxr.jpg\"}","timestamp":"2016-08-25T09:31:52.642Z"}
{"level":"info","message":"{\"fId\":\"57beb50e6eec1318230257d8\",\"fName\":\"bbb\",\"fViewPath\":\"Q24uCWH5t-hi7Oo8mrjVmKxr.jpg\"}","timestamp":"2016-08-25T09:31:53.092Z"}
{"level":"info","message":"{\\\"fId\\\":\\\"57beb50e6eec1318230257d8\\\",\\\"fName\\\":\\\"bbb\\\",\\\"fViewPath\\\":\\\"Q24uCWH5t-hi7Oo8mrjVmKxr.jpg\\\"}","timestamp":"2016-08-25T09:41:42.662Z"}
{"level":"info","message":"{\"mId\":\"57beaa3937be69740401b959\",\"mPersonName\":\"avril\",\"mTel\":\"13926957686\",\"mIdCard\":\"452122199308070001\",\"mCardPath\":\"F6BHjI_FWmJdX0kSMxujgAvJ.jpg\",\"mLocation\":\"aaa\",\"mBrand\":\"bbb\"}","timestamp":"2016-08-25T09:45:39.467Z"}
{"level":"info","message":"{\"mId\":\"57beaa3937be69740401b959\",\"mPersonName\":\"avril\",\"mTel\":\"13926957686\",\"mIdCard\":\"452122199308070001\",\"mCardPath\":\"F6BHjI_FWmJdX0kSMxujgAvJ.jpg\",\"mLocation\":\"aaa\",\"mBrand\":\"bbb\"}","timestamp":"2016-08-25T09:49:36.109Z"}
{"level":"info","message":"{\"mId\":\"57beaa3937be69740401b959\",\"mPersonName\":\"avril\",\"mTel\":\"13926957686\",\"mIdCard\":\"452122199308070001\",\"mCardPath\":\"F6BHjI_FWmJdX0kSMxujgAvJ.jpg\",\"mLocation\":\"aaa\",\"mBrand\":\"bbb\"}","timestamp":"2016-08-25T09:50:14.532Z"}
{"level":"info","message":"{\"mId\":\"57beaa3937be69740401b959\",\"mPersonName\":\"avril\",\"mTel\":\"13926957686\",\"mIdCard\":\"452122199308070001\",\"mCardPath\":\"F6BHjI_FWmJdX0kSMxujgAvJ.jpg\",\"mLocation\":\"aaa\",\"mBrand\":\"bbb\"}","timestamp":"2016-08-25T09:50:49.007Z"}
{"level":"info","message":"{\"mId\":\"57beaa3937be69740401b959\",\"mPersonName\":\"avril\",\"mTel\":\"13926957686\",\"mIdCard\":\"452122199308070001\",\"mCardPath\":\"F6BHjI_FWmJdX0kSMxujgAvJ.jpg\",\"mLocation\":\"aaa\",\"mBrand\":\"bbb\"}","timestamp":"2016-08-25T09:52:02.384Z"}
{"level":"info","message":"{\"mId\":\"57beaa3937be69740401b959\",\"mPersonName\":\"avril\",\"mTel\":\"13926957686\",\"mIdCard\":\"452122199308070001\",\"mCardPath\":\"F6BHjI_FWmJdX0kSMxujgAvJ.jpg\",\"mLocation\":\"aaa\",\"mBrand\":\"bbb\"}","timestamp":"2016-08-25T09:52:14.697Z"}
{"level":"info","message":"57bed4c91e3743184508498a#红焖鸡米饭","timestamp":"2016-08-25T11:24:28.970Z"}
{"level":"info","message":"57bed4c91e3743184508498a#红焖鸡米饭","timestamp":"2016-08-25T11:34:52.175Z"}
{"level":"info","message":"57be886c0d3688c838ca2bc9#红焖鸡米饭","timestamp":"2016-08-25T11:41:49.127Z"}
{"level":"info","message":"57bed4c91e3743184508498a#红焖鸡米饭","timestamp":"2016-08-25T11:42:57.644Z"}
{"level":"info","message":"57bed4c91e3743184508498a#红焖鸡米饭","timestamp":"2016-08-25T11:43:08.018Z"}
{"level":"info","message":"57bed9431e3743184508498c#红焖鸡米饭","timestamp":"2016-08-25T11:45:49.102Z"}
{"level":"info","message":"57bed9431e3743184508498c#红焖鸡米饭","timestamp":"2016-08-25T11:45:55.202Z"}
{"level":"info","message":"{\"fId\":\"57bedeb31beec6102ce31c67\",\"fName\":\"test1\",\"mId\":\"57beaa3937be69740401b959\",\"fViewPath\":\"KYrqJt151Y-q4kQeYv5825YX.jpg\"}","timestamp":"2016-08-25T12:10:19.548Z"}
{"level":"info","message":"{\"mId\":\"57beed6b27dd86b8397c7ca2\",\"mPersonName\":\"vicky\",\"mTel\":\"15071237066\",\"mIdCard\":\"420117199303035529\",\"mCardPath\":\"PgjvA-FLP1IDaT8tfJPl19yF.jpg\",\"mLocation\":\"oocl\",\"mBrand\":\"vicky's coco\"}","timestamp":"2016-08-25T13:06:50.702Z"}
{"level":"info","message":"{\"mId\":\"57bef001b53ff9bc2cf5675b\",\"mPersonName\":\"test1\",\"mTel\":\"13926957689\",\"mIdCard\":\"452122199308070001\",\"mCardPath\":\"co9Ft1VqU37Djms85HE6kQ0N.jpg\",\"mLocation\":\"aaa\",\"mBrand\":\"super\"}","timestamp":"2016-08-25T13:17:53.776Z"}
{"level":"info","message":"{\"mId\":\"57bef001b53ff9bc2cf5675b\",\"mPersonName\":\"test1\",\"mTel\":\"13926957689\",\"mIdCard\":\"452122199308070001\",\"mCardPath\":\"co9Ft1VqU37Djms85HE6kQ0N.jpg\",\"mLocation\":\"aaa\",\"mBrand\":\"super\"}","timestamp":"2016-08-25T13:24:14.685Z"}
{"level":"info","message":"{\"mId\":\"57bef7897b79e0582b4f89f8\",\"mPersonName\":\"sunvin\",\"mTel\":\"13726259726\",\"mIdCard\":\"44138119950606272X\",\"mCardPath\":\"lA4fzj3geo8eSpdgDnaXDwUN.jpg\",\"mLocation\":\"ga\",\"mBrand\":\"晨颖家的小店\"}","timestamp":"2016-08-25T13:50:01.371Z"}
{"level":"info","message":"{\"mId\":\"57bef7897b79e0582b4f89f8\",\"mPersonName\":\"sunvin\",\"mTel\":\"13726259726\",\"mIdCard\":\"44138119950606272X\",\"mCardPath\":\"lA4fzj3geo8eSpdgDnaXDwUN.jpg\",\"mLocation\":\"ga\",\"mBrand\":\"晨颖家的小店\"}","timestamp":"2016-08-25T13:50:06.977Z"}
{"level":"info","message":"{\"mId\":\"57bef905256fd9141da53ef1\",\"mPersonName\":\"test007\",\"mTel\":\"13912345678\",\"mIdCard\":\"452122199308070001\",\"mCardPath\":\"bOYmnmoS-zXczFu8ay-C96V5.jpg\",\"mLocation\":\"aaa\",\"mBrand\":\"ccc\"}","timestamp":"2016-08-25T13:56:21.127Z"}
{"level":"info","message":"{\"mId\":\"57befa0984822cdc2ea5b905\",\"mPersonName\":\"ooo\",\"mTel\":\"13926758586\",\"mIdCard\":\"452122199308070001\",\"mCardPath\":\"56HRbSo2vD-mCR7ejfD-JZuJ.jpg\",\"mLocation\":\"yyy\",\"mBrand\":\"pppp\"}","timestamp":"2016-08-25T14:00:41.137Z"}
{"level":"info","message":"{\"mId\":\"57beff3430df5db81f14fba0\",\"mPersonName\":\"avril\",\"mTel\":\"13926957686\",\"mIdCard\":\"452122199308070001\",\"mCardPath\":\"Mx1Sl9qkX46V-Z7VzUFtUA8l.jpg\",\"mLocation\":\"yyy\",\"mBrand\":\"bbb\"}","timestamp":"2016-08-25T14:22:44.634Z"}
{"level":"info","message":"{\"mId\":\"57bf01b70edfd9041a62655b\",\"mPersonName\":\"Sunvin\",\"mTel\":\"13726259726\",\"mIdCard\":\"441381199506032725\",\"mCardPath\":\"eNje76_Bz77sefMDo1xC3pwE.jpg\",\"mLocation\":\"zha\",\"mBrand\":\"晨颖的小店\"}","timestamp":"2016-08-25T14:33:27.410Z"}
{"level":"info","message":"{\"mId\":\"57bf01b70edfd9041a62655b\",\"mPersonName\":\"Sunvin\",\"mTel\":\"13726259726\",\"mIdCard\":\"441381199506032725\",\"mCardPath\":\"eNje76_Bz77sefMDo1xC3pwE.jpg\",\"mLocation\":\"zha\",\"mBrand\":\"晨颖的小店\"}","timestamp":"2016-08-25T14:34:42.504Z"}
{"level":"info","message":"{\"fId\":\"57bf031c3fd3e3a8207d794e\",\"fName\":\"dish1\",\"mId\":\"57beff3430df5db81f14fba0\",\"fViewPath\":\"gKEd-7qy0AXVpqlXTbGZqWWy.jpg\"}","timestamp":"2016-08-25T14:39:30.472Z"}
{"level":"info","message":"{\"fId\":\"57bf031c3fd3e3a8207d794e\",\"fName\":\"dish1\",\"mId\":\"57beff3430df5db81f14fba0\",\"fViewPath\":\"gKEd-7qy0AXVpqlXTbGZqWWy.jpg\"}","timestamp":"2016-08-25T14:40:03.307Z"}
{"level":"info","message":"{\"fId\":\"57bf03bb9f714fa02f5ba767\",\"fName\":\"红豆奶茶冰\",\"mId\":\"57bf01b70edfd9041a62655b\",\"fViewPath\":\"vv-qWsGF_zQ3F26vkZkNX86z.png\"}","timestamp":"2016-08-25T14:42:08.583Z"}
{"level":"info","message":"{\"fId\":\"57bf01e30edfd9041a62655c\",\"fName\":\"鲜芋仙招牌\",\"fViewPath\":\"uXQ8BeCm7B3WPX7BLLMyKqby.png\"}","timestamp":"2016-08-25T14:45:11.661Z"}
{"level":"info","message":"{\"fId\":\"57bf01fd0edfd9041a62655d\",\"fName\":\"雪花冰\",\"fViewPath\":\"3dH7AqwetdB04IeklRsroyX1.png\"}","timestamp":"2016-08-25T14:48:33.231Z"}
{"level":"info","message":"{\"fId\":\"57bf01fd0edfd9041a62655d\",\"fName\":\"雪花冰\",\"fViewPath\":\"3dH7AqwetdB04IeklRsroyX1.png\"}","timestamp":"2016-08-25T14:52:45.958Z"}
{"level":"info","message":"57bf064e3324e7a819cce33a#bbbbbbbbbbb","timestamp":"2016-08-25T15:17:35.472Z"}
{"level":"info","message":"{\"fId\":\"57bf110f1ba0451010efb1c9\",\"fName\":\"贡茶\",\"mId\":\"57bf01b70edfd9041a62655b\",\"fViewPath\":\"kIUPLQg7IRwDVZ1xnspvhI49.jpg\"}","timestamp":"2016-08-25T15:47:32.919Z"}
{"level":"info","message":"{\"fId\":\"57bf110f1ba0451010efb1c9\",\"fName\":\"贡茶\",\"mId\":\"57bf01b70edfd9041a62655b\",\"fViewPath\":\"kIUPLQg7IRwDVZ1xnspvhI49.jpg\"}","timestamp":"2016-08-25T15:48:03.305Z"}
{"level":"info","message":"57bf1331ae7ebee01821cfa2#晨颖的小店","timestamp":"2016-08-25T15:48:54.047Z"}
{"level":"info","message":"{\"fId\":\"57bf110f1ba0451010efb1c9\",\"fName\":\"贡茶\",\"mId\":\"57bf01b70edfd9041a62655b\",\"fViewPath\":\"kIUPLQg7IRwDVZ1xnspvhI49.jpg\"}","timestamp":"2016-08-25T15:49:13.703Z"}
{"level":"info","message":"{\"fId\":\"57bf031c3fd3e3a8207d794e\",\"fName\":\"dish1\",\"mId\":\"57beff3430df5db81f14fba0\",\"fViewPath\":\"gKEd-7qy0AXVpqlXTbGZqWWy.jpg\"}","timestamp":"2016-08-25T15:58:08.250Z"}
{"level":"info","message":"{\"fId\":\"57bf031c3fd3e3a8207d794e\",\"fName\":\"dish1\",\"mId\":\"57beff3430df5db81f14fba0\",\"fViewPath\":\"gKEd-7qy0AXVpqlXTbGZqWWy.jpg\"}","timestamp":"2016-08-25T15:59:20.978Z"}
{"level":"info","message":"{\"fId\":\"57bf031c3fd3e3a8207d794e\",\"fName\":\"dish1\",\"mId\":\"57beff3430df5db81f14fba0\",\"fViewPath\":\"gKEd-7qy0AXVpqlXTbGZqWWy.jpg\"}","timestamp":"2016-08-25T15:59:36.048Z"}
{"level":"info","message":"{\"fId\":\"57bf1675b717dad8105d77cc\",\"fName\":\"aa\",\"mId\":\"57bf01b70edfd9041a62655b\",\"fViewPath\":\"k88xDQIMFlIV_-a5AbFsQ87N.jpg\"}","timestamp":"2016-08-25T16:02:05.361Z"}
{"level":"info","message":"{\"fId\":\"57bf1675b717dad8105d77cc\",\"fName\":\"aa\",\"mId\":\"57bf01b70edfd9041a62655b\",\"fViewPath\":\"k88xDQIMFlIV_-a5AbFsQ87N.jpg\"}","timestamp":"2016-08-25T16:02:08.542Z"}
{"level":"info","message":"{\"fId\":\"57bf1675b717dad8105d77cc\",\"fName\":\"aa\",\"mId\":\"57bf01b70edfd9041a62655b\",\"fViewPath\":\"k88xDQIMFlIV_-a5AbFsQ87N.jpg\"}","timestamp":"2016-08-25T16:20:17.513Z"}
{"level":"info","message":"{\"fId\":\"57bf1a74b717dad8105d77cd\",\"fName\":\"dish3\",\"mId\":\"57beff3430df5db81f14fba0\",\"fViewPath\":\"h2dcM71bGbajXvhh05F8kh3v.jpg\"}","timestamp":"2016-08-25T16:33:48.719Z"}
{"level":"info","message":"{\"fId\":\"57bf1a74b717dad8105d77cd\",\"fName\":\"dish3\",\"mId\":\"57beff3430df5db81f14fba0\",\"fViewPath\":\"h2dcM71bGbajXvhh05F8kh3v.jpg\"}","timestamp":"2016-08-25T16:34:25.745Z"}
{"level":"info","message":"{\"fId\":\"57bf1a74b717dad8105d77cd\",\"fName\":\"dish3\",\"mId\":\"57beff3430df5db81f14fba0\",\"fViewPath\":\"h2dcM71bGbajXvhh05F8kh3v.jpg\"}","timestamp":"2016-08-25T16:34:26.409Z"}
{"level":"info","message":"{\"fId\":\"57bf1a74b717dad8105d77cd\",\"fName\":\"dish3\",\"mId\":\"57beff3430df5db81f14fba0\",\"fViewPath\":\"h2dcM71bGbajXvhh05F8kh3v.jpg\"}","timestamp":"2016-08-25T16:37:03.348Z"}
{"level":"info","message":"{\"_id\":\"57bf964c62fc5c08285ea1fd\",\"mId\":\"57bf964c62fc5c08285ea1fd\",\"mPersonName\":\"hyman\",\"mTel\":\"15811111111\",\"mIdCard\":\"444444444444444\",\"mCardPath\":\"C0vD8bh0vBeDMzgwjGve92-F.png\",\"mLocation\":\"fdefef\",\"mBrand\":\"wewrwer\"}","timestamp":"2016-08-26T01:07:24.185Z"}
{"level":"info","message":"{\"fId\":\"57bf1675b717dad8105d77cc\",\"fName\":\"aa\",\"mId\":\"57bf01b70edfd9041a62655b\",\"fViewPath\":\"k88xDQIMFlIV_-a5AbFsQ87N.jpg\"}","timestamp":"2016-08-26T01:20:14.133Z"}
{"level":"info","message":"{\"fId\":\"57bf1e9812547df0255dd3b3\",\"fName\":\"r\",\"mId\":\"57beff3430df5db81f14fba0\",\"fViewPath\":\"wInoeNzEWqJRN4HJQUK1dJOJ.png\"}","timestamp":"2016-08-26T01:25:23.331Z"}
{"level":"info","message":"{\"fId\":\"57bf1e9812547df0255dd3b3\",\"fName\":\"r\",\"mId\":\"57beff3430df5db81f14fba0\",\"fViewPath\":\"wInoeNzEWqJRN4HJQUK1dJOJ.png\"}","timestamp":"2016-08-26T01:25:25.593Z"}
{"level":"info","message":"{\"fId\":\"57bf9ae6a4f10e001d3e8e4c\",\"fName\":\"aaa\",\"mId\":\"57beff3430df5db81f14fba0\",\"fViewPath\":\"1CZXhx1CXw8Lme047cRPq8mo.jpg\"}","timestamp":"2016-08-26T01:27:50.685Z"}
{"level":"info","message":"{\"fId\":\"57bf9ae6a4f10e001d3e8e4c\",\"fName\":\"aaa\",\"mId\":\"57beff3430df5db81f14fba0\",\"fViewPath\":\"1CZXhx1CXw8Lme047cRPq8mo.jpg\"}","timestamp":"2016-08-26T01:27:51.792Z"}
{"level":"info","message":"{\"fId\":\"57bf9afea4f10e001d3e8e4d\",\"fName\":\"bbb\",\"mId\":\"57beff3430df5db81f14fba0\",\"fViewPath\":\"xt27cbmYbhVM9hE2cL9-b__3.jpg\"}","timestamp":"2016-08-26T01:27:51.988Z"}
{"level":"info","message":"{\"fId\":\"57bf9ae6a4f10e001d3e8e4c\",\"fName\":\"aaa\",\"mId\":\"57beff3430df5db81f14fba0\",\"fViewPath\":\"1CZXhx1CXw8Lme047cRPq8mo.jpg\"}","timestamp":"2016-08-26T01:27:51.990Z"}
{"level":"info","message":"{\"fId\":\"57bf9afea4f10e001d3e8e4d\",\"fName\":\"bbb\",\"mId\":\"57beff3430df5db81f14fba0\",\"fViewPath\":\"xt27cbmYbhVM9hE2cL9-b__3.jpg\"}","timestamp":"2016-08-26T01:27:51.991Z"}
{"date":"Fri Aug 26 2016 09:29:40 GMT+0800 (China Standard Time)","process":{"pid":20420,"uid":null,"gid":null,"cwd":"c:\\Users\\chenhy\\Desktop\\ita_project\\ita_project5","execPath":"C:\\Program Files\\nodejs\\node.exe","version":"v6.0.0","argv":["C:\\Program Files\\nodejs\\node.exe","C:\\Users\\chenhy\\Desktop\\ita_project\\ita_project5\\app.js"],"memoryUsage":{"rss":48971776,"heapTotal":32501760,"heapUsed":26323352}},"os":{"loadavg":[0,0,0],"uptime":538057.7565261},"trace":[{"column":11,"file":"util.js","function":"exports._errnoException","line":896,"method":"_errnoException","native":false},{"column":26,"file":"net.js","function":"TCP.onread","line":556,"method":"onread","native":false}],"stack":["Error: read ECONNRESET","    at exports._errnoException (util.js:896:11)","    at TCP.onread (net.js:556:26)"],"level":"error","message":"uncaughtException: read ECONNRESET","timestamp":"2016-08-26T01:29:40.873Z"}
{"level":"info","message":"{\"fId\":\"57bf1a74b717dad8105d77cd\",\"fName\":\"dish3\",\"mId\":\"57beff3430df5db81f14fba0\",\"fViewPath\":\"h2dcM71bGbajXvhh05F8kh3v.jpg\"}","timestamp":"2016-08-26T01:36:44.753Z"}
{"level":"info","message":"{\"fId\":\"57bf1a74b717dad8105d77cd\",\"fName\":\"dish3\",\"mId\":\"57beff3430df5db81f14fba0\",\"fViewPath\":\"h2dcM71bGbajXvhh05F8kh3v.jpg\"}","timestamp":"2016-08-26T01:36:44.785Z"}
{"level":"info","message":"{\"fId\":\"57bf1adeb717dad8105d77ce\",\"fName\":\"vicky\",\"mId\":\"57beff3430df5db81f14fba0\",\"fViewPath\":\"8DEcV2mbBdZ1vEZB55JpCMY0.jpg\"}","timestamp":"2016-08-26T01:36:44.786Z"}
{"level":"info","message":"{\"fId\":\"57bf1a74b717dad8105d77cd\",\"fName\":\"dish3\",\"mId\":\"57beff3430df5db81f14fba0\",\"fViewPath\":\"h2dcM71bGbajXvhh05F8kh3v.jpg\"}","timestamp":"2016-08-26T01:36:44.787Z"}
{"level":"info","message":"{\"fId\":\"57bf1adeb717dad8105d77ce\",\"fName\":\"vicky\",\"mId\":\"57beff3430df5db81f14fba0\",\"fViewPath\":\"8DEcV2mbBdZ1vEZB55JpCMY0.jpg\"}","timestamp":"2016-08-26T01:36:44.788Z"}
{"level":"info","message":"{\"fId\":\"57bf1a74b717dad8105d77cd\",\"fName\":\"dish3\",\"mId\":\"57beff3430df5db81f14fba0\",\"fViewPath\":\"h2dcM71bGbajXvhh05F8kh3v.jpg\"}","timestamp":"2016-08-26T01:36:44.789Z"}
{"level":"info","message":"{\"fId\":\"57bf1adeb717dad8105d77ce\",\"fName\":\"vicky\",\"mId\":\"57beff3430df5db81f14fba0\",\"fViewPath\":\"8DEcV2mbBdZ1vEZB55JpCMY0.jpg\"}","timestamp":"2016-08-26T01:36:44.789Z"}
{"level":"info","message":"{\"fId\":\"57bf033d3fd3e3a8207d7950\",\"fName\":\"豆花\",\"mId\":\"57bf01b70edfd9041a62655b\",\"fViewPath\":\"-nuY4vPwcNE6m2QOLMbt3Dqf.png\"}","timestamp":"2016-08-26T01:36:44.791Z"}
{"level":"info","message":"{\"fId\":\"57bf1a74b717dad8105d77cd\",\"fName\":\"dish3\",\"mId\":\"57beff3430df5db81f14fba0\",\"fViewPath\":\"h2dcM71bGbajXvhh05F8kh3v.jpg\"}","timestamp":"2016-08-26T01:36:44.792Z"}
{"level":"info","message":"{\"fId\":\"57bf1adeb717dad8105d77ce\",\"fName\":\"vicky\",\"mId\":\"57beff3430df5db81f14fba0\",\"fViewPath\":\"8DEcV2mbBdZ1vEZB55JpCMY0.jpg\"}","timestamp":"2016-08-26T01:36:44.797Z"}
{"level":"info","message":"{\"fId\":\"57bf033d3fd3e3a8207d7950\",\"fName\":\"豆花\",\"mId\":\"57bf01b70edfd9041a62655b\",\"fViewPath\":\"-nuY4vPwcNE6m2QOLMbt3Dqf.png\"}","timestamp":"2016-08-26T01:36:44.798Z"}
{"level":"info","message":"{\"fId\":\"57bf1a74b717dad8105d77cd\",\"fName\":\"dish3\",\"mId\":\"57beff3430df5db81f14fba0\",\"fViewPath\":\"h2dcM71bGbajXvhh05F8kh3v.jpg\"}","timestamp":"2016-08-26T01:36:44.799Z"}
{"level":"info","message":"{\"fId\":\"57bf1adeb717dad8105d77ce\",\"fName\":\"vicky\",\"mId\":\"57beff3430df5db81f14fba0\",\"fViewPath\":\"8DEcV2mbBdZ1vEZB55JpCMY0.jpg\"}","timestamp":"2016-08-26T01:36:44.800Z"}
{"level":"info","message":"{\"fId\":\"57bf033d3fd3e3a8207d7950\",\"fName\":\"豆花\",\"mId\":\"57bf01b70edfd9041a62655b\",\"fViewPath\":\"-nuY4vPwcNE6m2QOLMbt3Dqf.png\"}","timestamp":"2016-08-26T01:36:44.800Z"}
{"level":"info","message":"57bf9c9c13f032c403b3c56f#晨颖的小店","timestamp":"2016-08-26T01:36:44.801Z"}
{"level":"info","message":"57bf9c9c13f032c403b3c56f#晨颖的小店","timestamp":"2016-08-26T01:36:44.803Z"}
{"level":"info","message":"57bf9c9c13f032c403b3c56f#晨颖的小店","timestamp":"2016-08-26T01:36:44.804Z"}
{"level":"info","message":"{\"_id\":\"57bf9e6b7faea6e41581c637\",\"mId\":\"57bf9e6b7faea6e41581c637\",\"mPersonName\":\"aa1\",\"mTel\":\"13926957675\",\"mIdCard\":\"452122199308070001\",\"mCardPath\":\"WvdTgSFizreyA5EVxcZswKtS.jpg\",\"mLocation\":\"aaa\",\"mBrand\":\"aaa\"}","timestamp":"2016-08-26T01:42:03.675Z"}
{"level":"info","message":"{\"_id\":\"57bf9e6b7faea6e41581c637\",\"mId\":\"57bf9e6b7faea6e41581c637\",\"mPersonName\":\"aa1\",\"mTel\":\"13926957675\",\"mIdCard\":\"452122199308070001\",\"mCardPath\":\"WvdTgSFizreyA5EVxcZswKtS.jpg\",\"mLocation\":\"aaa\",\"mBrand\":\"aaa\"}","timestamp":"2016-08-26T01:42:39.170Z"}
{"level":"info","message":"{\"_id\":\"57bf9e8f7faea6e41581c638\",\"mId\":\"57bf9e8f7faea6e41581c638\",\"mPersonName\":\"bbb\",\"mTel\":\"13926957684\",\"mIdCard\":\"452122199308070001\",\"mCardPath\":\"zuVdVp2hyvcMcp_b8jv7qTtw.jpg\",\"mLocation\":\"bbb\",\"mBrand\":\"bbb\"}","timestamp":"2016-08-26T01:42:39.376Z"}
{"level":"info","message":"{\"_id\":\"57bf9e6b7faea6e41581c637\",\"mId\":\"57bf9e6b7faea6e41581c637\",\"mPersonName\":\"aa1\",\"mTel\":\"13926957675\",\"mIdCard\":\"452122199308070001\",\"mCardPath\":\"WvdTgSFizreyA5EVxcZswKtS.jpg\",\"mLocation\":\"aaa\",\"mBrand\":\"aaa\"}","timestamp":"2016-08-26T01:42:39.378Z"}
{"level":"info","message":"{\"_id\":\"57bf9e8f7faea6e41581c638\",\"mId\":\"57bf9e8f7faea6e41581c638\",\"mPersonName\":\"bbb\",\"mTel\":\"13926957684\",\"mIdCard\":\"452122199308070001\",\"mCardPath\":\"zuVdVp2hyvcMcp_b8jv7qTtw.jpg\",\"mLocation\":\"bbb\",\"mBrand\":\"bbb\"}","timestamp":"2016-08-26T01:42:39.379Z"}
{"level":"info","message":"{\"_id\":\"57bf9ed0759f92902ebb6926\",\"mId\":\"57bf9ed0759f92902ebb6926\",\"mPersonName\":\"ooooooo\",\"mTel\":\"13926955555\",\"mIdCard\":\"452122199308070001\",\"mCardPath\":\"XrOkPwK8PVZRKaHnPseckaG3.jpg\",\"mLocation\":\"oooo\",\"mBrand\":\"oooo\"}","timestamp":"2016-08-26T01:43:44.085Z"}
{"level":"info","message":"{\"_id\":\"57bf9ed0759f92902ebb6926\",\"mId\":\"57bf9ed0759f92902ebb6926\",\"mPersonName\":\"ooooooo\",\"mTel\":\"13926955555\",\"mIdCard\":\"452122199308070001\",\"mCardPath\":\"XrOkPwK8PVZRKaHnPseckaG3.jpg\",\"mLocation\":\"oooo\",\"mBrand\":\"oooo\"}","timestamp":"2016-08-26T01:44:22.529Z"}
{"level":"info","message":"{\"_id\":\"57bf9ef6759f92902ebb6927\",\"mId\":\"57bf9ef6759f92902ebb6927\",\"mPersonName\":\"ppppppppp\",\"mTel\":\"13926556465\",\"mIdCard\":\"452122199308070001\",\"mCardPath\":\"jlZ1vSxc7LE54vtjLWos8k3q.jpg\",\"mLocation\":\"pppppp\",\"mBrand\":\"ppppppp\"}","timestamp":"2016-08-26T01:44:22.725Z"}
{"level":"info","message":"{\"_id\":\"57bf9ed0759f92902ebb6926\",\"mId\":\"57bf9ed0759f92902ebb6926\",\"mPersonName\":\"ooooooo\",\"mTel\":\"13926955555\",\"mIdCard\":\"452122199308070001\",\"mCardPath\":\"XrOkPwK8PVZRKaHnPseckaG3.jpg\",\"mLocation\":\"oooo\",\"mBrand\":\"oooo\"}","timestamp":"2016-08-26T01:44:22.727Z"}
{"level":"info","message":"{\"_id\":\"57bf9ef6759f92902ebb6927\",\"mId\":\"57bf9ef6759f92902ebb6927\",\"mPersonName\":\"ppppppppp\",\"mTel\":\"13926556465\",\"mIdCard\":\"452122199308070001\",\"mCardPath\":\"jlZ1vSxc7LE54vtjLWos8k3q.jpg\",\"mLocation\":\"pppppp\",\"mBrand\":\"ppppppp\"}","timestamp":"2016-08-26T01:44:22.728Z"}
{"level":"info","message":"{\"_id\":\"57bf9ed0759f92902ebb6926\",\"mId\":\"57bf9ed0759f92902ebb6926\",\"mPersonName\":\"ooooooo\",\"mTel\":\"13926955555\",\"mIdCard\":\"452122199308070001\",\"mCardPath\":\"XrOkPwK8PVZRKaHnPseckaG3.jpg\",\"mLocation\":\"oooo\",\"mBrand\":\"oooo\"}","timestamp":"2016-08-26T01:45:27.469Z"}
{"level":"info","message":"{\"_id\":\"57bf9ef6759f92902ebb6927\",\"mId\":\"57bf9ef6759f92902ebb6927\",\"mPersonName\":\"ppppppppp\",\"mTel\":\"13926556465\",\"mIdCard\":\"452122199308070001\",\"mCardPath\":\"jlZ1vSxc7LE54vtjLWos8k3q.jpg\",\"mLocation\":\"pppppp\",\"mBrand\":\"ppppppp\"}","timestamp":"2016-08-26T01:45:27.473Z"}
{"level":"info","message":"{\"_id\":\"57bf9f37759f92902ebb6928\",\"mId\":\"57bf9f37759f92902ebb6928\",\"mPersonName\":\"ffffff\",\"mTel\":\"13569741358\",\"mIdCard\":\"452122199308070001\",\"mCardPath\":\"HCK-o9p0BnTkGVYsktBitXlI.jpg\",\"mLocation\":\"fff\",\"mBrand\":\"fffff\"}","timestamp":"2016-08-26T01:45:27.476Z"}
{"level":"info","message":"{\"_id\":\"57bf9ed0759f92902ebb6926\",\"mId\":\"57bf9ed0759f92902ebb6926\",\"mPersonName\":\"ooooooo\",\"mTel\":\"13926955555\",\"mIdCard\":\"452122199308070001\",\"mCardPath\":\"XrOkPwK8PVZRKaHnPseckaG3.jpg\",\"mLocation\":\"oooo\",\"mBrand\":\"oooo\"}","timestamp":"2016-08-26T01:45:27.477Z"}
{"level":"info","message":"{\"_id\":\"57bf9ef6759f92902ebb6927\",\"mId\":\"57bf9ef6759f92902ebb6927\",\"mPersonName\":\"ppppppppp\",\"mTel\":\"13926556465\",\"mIdCard\":\"452122199308070001\",\"mCardPath\":\"jlZ1vSxc7LE54vtjLWos8k3q.jpg\",\"mLocation\":\"pppppp\",\"mBrand\":\"ppppppp\"}","timestamp":"2016-08-26T01:45:27.479Z"}
{"level":"info","message":"{\"_id\":\"57bf9f37759f92902ebb6928\",\"mId\":\"57bf9f37759f92902ebb6928\",\"mPersonName\":\"ffffff\",\"mTel\":\"13569741358\",\"mIdCard\":\"452122199308070001\",\"mCardPath\":\"HCK-o9p0BnTkGVYsktBitXlI.jpg\",\"mLocation\":\"fff\",\"mBrand\":\"fffff\"}","timestamp":"2016-08-26T01:45:27.480Z"}
{"level":"info","message":"{\"_id\":\"57bf9ed0759f92902ebb6926\",\"mId\":\"57bf9ed0759f92902ebb6926\",\"mPersonName\":\"ooooooo\",\"mTel\":\"13926955555\",\"mIdCard\":\"452122199308070001\",\"mCardPath\":\"XrOkPwK8PVZRKaHnPseckaG3.jpg\",\"mLocation\":\"oooo\",\"mBrand\":\"oooo\"}","timestamp":"2016-08-26T01:45:27.481Z"}
{"level":"info","message":"{\"_id\":\"57bf9ef6759f92902ebb6927\",\"mId\":\"57bf9ef6759f92902ebb6927\",\"mPersonName\":\"ppppppppp\",\"mTel\":\"13926556465\",\"mIdCard\":\"452122199308070001\",\"mCardPath\":\"jlZ1vSxc7LE54vtjLWos8k3q.jpg\",\"mLocation\":\"pppppp\",\"mBrand\":\"ppppppp\"}","timestamp":"2016-08-26T01:45:27.485Z"}
{"level":"info","message":"{\"_id\":\"57bf9f37759f92902ebb6928\",\"mId\":\"57bf9f37759f92902ebb6928\",\"mPersonName\":\"ffffff\",\"mTel\":\"13569741358\",\"mIdCard\":\"452122199308070001\",\"mCardPath\":\"HCK-o9p0BnTkGVYsktBitXlI.jpg\",\"mLocation\":\"fff\",\"mBrand\":\"fffff\"}","timestamp":"2016-08-26T01:45:27.486Z"}
{"level":"info","message":"{\"_id\":\"57bf9ed0759f92902ebb6926\",\"mId\":\"57bf9ed0759f92902ebb6926\",\"mPersonName\":\"ooooooo\",\"mTel\":\"13926955555\",\"mIdCard\":\"452122199308070001\",\"mCardPath\":\"XrOkPwK8PVZRKaHnPseckaG3.jpg\",\"mLocation\":\"oooo\",\"mBrand\":\"oooo\"}","timestamp":"2016-08-26T01:48:39.767Z"}
{"level":"info","message":"{\"_id\":\"57bf9ef6759f92902ebb6927\",\"mId\":\"57bf9ef6759f92902ebb6927\",\"mPersonName\":\"ppppppppp\",\"mTel\":\"13926556465\",\"mIdCard\":\"452122199308070001\",\"mCardPath\":\"jlZ1vSxc7LE54vtjLWos8k3q.jpg\",\"mLocation\":\"pppppp\",\"mBrand\":\"ppppppp\"}","timestamp":"2016-08-26T01:48:39.769Z"}
{"level":"info","message":"{\"_id\":\"57bf9f37759f92902ebb6928\",\"mId\":\"57bf9f37759f92902ebb6928\",\"mPersonName\":\"ffffff\",\"mTel\":\"13569741358\",\"mIdCard\":\"452122199308070001\",\"mCardPath\":\"HCK-o9p0BnTkGVYsktBitXlI.jpg\",\"mLocation\":\"fff\",\"mBrand\":\"fffff\"}","timestamp":"2016-08-26T01:48:39.770Z"}
{"level":"info","message":"{\"fId\":\"57bf9ff3759f92902ebb6929\",\"fName\":\"test3\",\"mId\":\"57bf9f37759f92902ebb6928\",\"fViewPath\":\"JjxxVdOrxJBnTDUjjkDr7qcJ.jpg\"}","timestamp":"2016-08-26T01:48:39.771Z"}
{"level":"info","message":"{\"_id\":\"57bf9ed0759f92902ebb6926\",\"mId\":\"57bf9ed0759f92902ebb6926\",\"mPersonName\":\"ooooooo\",\"mTel\":\"13926955555\",\"mIdCard\":\"452122199308070001\",\"mCardPath\":\"XrOkPwK8PVZRKaHnPseckaG3.jpg\",\"mLocation\":\"oooo\",\"mBrand\":\"oooo\"}","timestamp":"2016-08-26T01:48:39.776Z"}
{"level":"info","message":"{\"_id\":\"57bf9ef6759f92902ebb6927\",\"mId\":\"57bf9ef6759f92902ebb6927\",\"mPersonName\":\"ppppppppp\",\"mTel\":\"13926556465\",\"mIdCard\":\"452122199308070001\",\"mCardPath\":\"jlZ1vSxc7LE54vtjLWos8k3q.jpg\",\"mLocation\":\"pppppp\",\"mBrand\":\"ppppppp\"}","timestamp":"2016-08-26T01:48:39.777Z"}
{"level":"info","message":"{\"_id\":\"57bf9f37759f92902ebb6928\",\"mId\":\"57bf9f37759f92902ebb6928\",\"mPersonName\":\"ffffff\",\"mTel\":\"13569741358\",\"mIdCard\":\"452122199308070001\",\"mCardPath\":\"HCK-o9p0BnTkGVYsktBitXlI.jpg\",\"mLocation\":\"fff\",\"mBrand\":\"fffff\"}","timestamp":"2016-08-26T01:48:39.778Z"}
{"level":"info","message":"{\"fId\":\"57bf9ff3759f92902ebb6929\",\"fName\":\"test3\",\"mId\":\"57bf9f37759f92902ebb6928\",\"fViewPath\":\"JjxxVdOrxJBnTDUjjkDr7qcJ.jpg\"}","timestamp":"2016-08-26T01:48:39.778Z"}
{"level":"info","message":"{\"_id\":\"57bf9ed0759f92902ebb6926\",\"mId\":\"57bf9ed0759f92902ebb6926\",\"mPersonName\":\"ooooooo\",\"mTel\":\"13926955555\",\"mIdCard\":\"452122199308070001\",\"mCardPath\":\"XrOkPwK8PVZRKaHnPseckaG3.jpg\",\"mLocation\":\"oooo\",\"mBrand\":\"oooo\"}","timestamp":"2016-08-26T01:48:39.779Z"}
{"level":"info","message":"{\"_id\":\"57bf9ef6759f92902ebb6927\",\"mId\":\"57bf9ef6759f92902ebb6927\",\"mPersonName\":\"ppppppppp\",\"mTel\":\"13926556465\",\"mIdCard\":\"452122199308070001\",\"mCardPath\":\"jlZ1vSxc7LE54vtjLWos8k3q.jpg\",\"mLocation\":\"pppppp\",\"mBrand\":\"ppppppp\"}","timestamp":"2016-08-26T01:48:39.780Z"}
{"level":"info","message":"{\"_id\":\"57bf9f37759f92902ebb6928\",\"mId\":\"57bf9f37759f92902ebb6928\",\"mPersonName\":\"ffffff\",\"mTel\":\"13569741358\",\"mIdCard\":\"452122199308070001\",\"mCardPath\":\"HCK-o9p0BnTkGVYsktBitXlI.jpg\",\"mLocation\":\"fff\",\"mBrand\":\"fffff\"}","timestamp":"2016-08-26T01:48:39.781Z"}
{"level":"info","message":"{\"fId\":\"57bf9ff3759f92902ebb6929\",\"fName\":\"test3\",\"mId\":\"57bf9f37759f92902ebb6928\",\"fViewPath\":\"JjxxVdOrxJBnTDUjjkDr7qcJ.jpg\"}","timestamp":"2016-08-26T01:48:39.781Z"}
{"level":"info","message":"{\"_id\":\"57bf9ed0759f92902ebb6926\",\"mId\":\"57bf9ed0759f92902ebb6926\",\"mPersonName\":\"ooooooo\",\"mTel\":\"13926955555\",\"mIdCard\":\"452122199308070001\",\"mCardPath\":\"XrOkPwK8PVZRKaHnPseckaG3.jpg\",\"mLocation\":\"oooo\",\"mBrand\":\"oooo\"}","timestamp":"2016-08-26T01:48:39.782Z"}
{"level":"info","message":"{\"_id\":\"57bf9ef6759f92902ebb6927\",\"mId\":\"57bf9ef6759f92902ebb6927\",\"mPersonName\":\"ppppppppp\",\"mTel\":\"13926556465\",\"mIdCard\":\"452122199308070001\",\"mCardPath\":\"jlZ1vSxc7LE54vtjLWos8k3q.jpg\",\"mLocation\":\"pppppp\",\"mBrand\":\"ppppppp\"}","timestamp":"2016-08-26T01:48:39.783Z"}
{"level":"info","message":"{\"_id\":\"57bf9f37759f92902ebb6928\",\"mId\":\"57bf9f37759f92902ebb6928\",\"mPersonName\":\"ffffff\",\"mTel\":\"13569741358\",\"mIdCard\":\"452122199308070001\",\"mCardPath\":\"HCK-o9p0BnTkGVYsktBitXlI.jpg\",\"mLocation\":\"fff\",\"mBrand\":\"fffff\"}","timestamp":"2016-08-26T01:48:39.784Z"}
{"level":"info","message":"{\"fId\":\"57bf9ff3759f92902ebb6929\",\"fName\":\"test3\",\"mId\":\"57bf9f37759f92902ebb6928\",\"fViewPath\":\"JjxxVdOrxJBnTDUjjkDr7qcJ.jpg\"}","timestamp":"2016-08-26T01:48:39.785Z"}
{"level":"info","message":"{\"_id\":\"57bf9ed0759f92902ebb6926\",\"mId\":\"57bf9ed0759f92902ebb6926\",\"mPersonName\":\"ooooooo\",\"mTel\":\"13926955555\",\"mIdCard\":\"452122199308070001\",\"mCardPath\":\"XrOkPwK8PVZRKaHnPseckaG3.jpg\",\"mLocation\":\"oooo\",\"mBrand\":\"oooo\"}","timestamp":"2016-08-26T01:50:05.669Z"}
{"level":"info","message":"{\"_id\":\"57bf9ef6759f92902ebb6927\",\"mId\":\"57bf9ef6759f92902ebb6927\",\"mPersonName\":\"ppppppppp\",\"mTel\":\"13926556465\",\"mIdCard\":\"452122199308070001\",\"mCardPath\":\"jlZ1vSxc7LE54vtjLWos8k3q.jpg\",\"mLocation\":\"pppppp\",\"mBrand\":\"ppppppp\"}","timestamp":"2016-08-26T01:50:05.671Z"}
{"level":"info","message":"{\"_id\":\"57bf9f37759f92902ebb6928\",\"mId\":\"57bf9f37759f92902ebb6928\",\"mPersonName\":\"ffffff\",\"mTel\":\"13569741358\",\"mIdCard\":\"452122199308070001\",\"mCardPath\":\"HCK-o9p0BnTkGVYsktBitXlI.jpg\",\"mLocation\":\"fff\",\"mBrand\":\"fffff\"}","timestamp":"2016-08-26T01:50:05.672Z"}
{"level":"info","message":"{\"fId\":\"57bf9ff3759f92902ebb6929\",\"fName\":\"test3\",\"mId\":\"57bf9f37759f92902ebb6928\",\"fViewPath\":\"JjxxVdOrxJBnTDUjjkDr7qcJ.jpg\"}","timestamp":"2016-08-26T01:50:05.674Z"}
{"level":"info","message":"{\"_id\":\"57bfa04d759f92902ebb692a\",\"mId\":\"57bfa04d759f92902ebb692a\",\"mPersonName\":\"yyyyyy\",\"mTel\":\"13526433115\",\"mIdCard\":\"452122199308070001\",\"mCardPath\":\"0qHyDgwiHDoiEEfthuvrpm8v.jpg\",\"mLocation\":\"yyyy\",\"mBrand\":\"yyy\"}","timestamp":"2016-08-26T01:50:05.677Z"}
{"level":"info","message":"{\"_id\":\"57bf9ed0759f92902ebb6926\",\"mId\":\"57bf9ed0759f92902ebb6926\",\"mPersonName\":\"ooooooo\",\"mTel\":\"13926955555\",\"mIdCard\":\"452122199308070001\",\"mCardPath\":\"XrOkPwK8PVZRKaHnPseckaG3.jpg\",\"mLocation\":\"oooo\",\"mBrand\":\"oooo\"}","timestamp":"2016-08-26T01:50:05.678Z"}
{"level":"info","message":"{\"_id\":\"57bf9ef6759f92902ebb6927\",\"mId\":\"57bf9ef6759f92902ebb6927\",\"mPersonName\":\"ppppppppp\",\"mTel\":\"13926556465\",\"mIdCard\":\"452122199308070001\",\"mCardPath\":\"jlZ1vSxc7LE54vtjLWos8k3q.jpg\",\"mLocation\":\"pppppp\",\"mBrand\":\"ppppppp\"}","timestamp":"2016-08-26T01:50:05.679Z"}
{"level":"info","message":"{\"_id\":\"57bf9f37759f92902ebb6928\",\"mId\":\"57bf9f37759f92902ebb6928\",\"mPersonName\":\"ffffff\",\"mTel\":\"13569741358\",\"mIdCard\":\"452122199308070001\",\"mCardPath\":\"HCK-o9p0BnTkGVYsktBitXlI.jpg\",\"mLocation\":\"fff\",\"mBrand\":\"fffff\"}","timestamp":"2016-08-26T01:50:05.680Z"}
{"level":"info","message":"{\"fId\":\"57bf9ff3759f92902ebb6929\",\"fName\":\"test3\",\"mId\":\"57bf9f37759f92902ebb6928\",\"fViewPath\":\"JjxxVdOrxJBnTDUjjkDr7qcJ.jpg\"}","timestamp":"2016-08-26T01:50:05.681Z"}
{"level":"info","message":"{\"_id\":\"57bfa04d759f92902ebb692a\",\"mId\":\"57bfa04d759f92902ebb692a\",\"mPersonName\":\"yyyyyy\",\"mTel\":\"13526433115\",\"mIdCard\":\"452122199308070001\",\"mCardPath\":\"0qHyDgwiHDoiEEfthuvrpm8v.jpg\",\"mLocation\":\"yyyy\",\"mBrand\":\"yyy\"}","timestamp":"2016-08-26T01:50:05.681Z"}
{"level":"info","message":"{\"_id\":\"57bf9ed0759f92902ebb6926\",\"mId\":\"57bf9ed0759f92902ebb6926\",\"mPersonName\":\"ooooooo\",\"mTel\":\"13926955555\",\"mIdCard\":\"452122199308070001\",\"mCardPath\":\"XrOkPwK8PVZRKaHnPseckaG3.jpg\",\"mLocation\":\"oooo\",\"mBrand\":\"oooo\"}","timestamp":"2016-08-26T01:50:05.682Z"}
{"level":"info","message":"{\"_id\":\"57bf9ef6759f92902ebb6927\",\"mId\":\"57bf9ef6759f92902ebb6927\",\"mPersonName\":\"ppppppppp\",\"mTel\":\"13926556465\",\"mIdCard\":\"452122199308070001\",\"mCardPath\":\"jlZ1vSxc7LE54vtjLWos8k3q.jpg\",\"mLocation\":\"pppppp\",\"mBrand\":\"ppppppp\"}","timestamp":"2016-08-26T01:50:05.683Z"}
{"level":"info","message":"{\"_id\":\"57bf9f37759f92902ebb6928\",\"mId\":\"57bf9f37759f92902ebb6928\",\"mPersonName\":\"ffffff\",\"mTel\":\"13569741358\",\"mIdCard\":\"452122199308070001\",\"mCardPath\":\"HCK-o9p0BnTkGVYsktBitXlI.jpg\",\"mLocation\":\"fff\",\"mBrand\":\"fffff\"}","timestamp":"2016-08-26T01:50:05.684Z"}
{"level":"info","message":"{\"fId\":\"57bf9ff3759f92902ebb6929\",\"fName\":\"test3\",\"mId\":\"57bf9f37759f92902ebb6928\",\"fViewPath\":\"JjxxVdOrxJBnTDUjjkDr7qcJ.jpg\"}","timestamp":"2016-08-26T01:50:05.684Z"}
{"level":"info","message":"{\"_id\":\"57bfa04d759f92902ebb692a\",\"mId\":\"57bfa04d759f92902ebb692a\",\"mPersonName\":\"yyyyyy\",\"mTel\":\"13526433115\",\"mIdCard\":\"452122199308070001\",\"mCardPath\":\"0qHyDgwiHDoiEEfthuvrpm8v.jpg\",\"mLocation\":\"yyyy\",\"mBrand\":\"yyy\"}","timestamp":"2016-08-26T01:50:05.686Z"}
{"level":"info","message":"{\"_id\":\"57bf9ed0759f92902ebb6926\",\"mId\":\"57bf9ed0759f92902ebb6926\",\"mPersonName\":\"ooooooo\",\"mTel\":\"13926955555\",\"mIdCard\":\"452122199308070001\",\"mCardPath\":\"XrOkPwK8PVZRKaHnPseckaG3.jpg\",\"mLocation\":\"oooo\",\"mBrand\":\"oooo\"}","timestamp":"2016-08-26T01:50:05.693Z"}
{"level":"info","message":"{\"_id\":\"57bf9ef6759f92902ebb6927\",\"mId\":\"57bf9ef6759f92902ebb6927\",\"mPersonName\":\"ppppppppp\",\"mTel\":\"13926556465\",\"mIdCard\":\"452122199308070001\",\"mCardPath\":\"jlZ1vSxc7LE54vtjLWos8k3q.jpg\",\"mLocation\":\"pppppp\",\"mBrand\":\"ppppppp\"}","timestamp":"2016-08-26T01:50:05.694Z"}
{"level":"info","message":"{\"_id\":\"57bf9f37759f92902ebb6928\",\"mId\":\"57bf9f37759f92902ebb6928\",\"mPersonName\":\"ffffff\",\"mTel\":\"13569741358\",\"mIdCard\":\"452122199308070001\",\"mCardPath\":\"HCK-o9p0BnTkGVYsktBitXlI.jpg\",\"mLocation\":\"fff\",\"mBrand\":\"fffff\"}","timestamp":"2016-08-26T01:50:05.694Z"}
{"level":"info","message":"{\"fId\":\"57bf9ff3759f92902ebb6929\",\"fName\":\"test3\",\"mId\":\"57bf9f37759f92902ebb6928\",\"fViewPath\":\"JjxxVdOrxJBnTDUjjkDr7qcJ.jpg\"}","timestamp":"2016-08-26T01:50:05.695Z"}
{"level":"info","message":"{\"_id\":\"57bfa04d759f92902ebb692a\",\"mId\":\"57bfa04d759f92902ebb692a\",\"mPersonName\":\"yyyyyy\",\"mTel\":\"13526433115\",\"mIdCard\":\"452122199308070001\",\"mCardPath\":\"0qHyDgwiHDoiEEfthuvrpm8v.jpg\",\"mLocation\":\"yyyy\",\"mBrand\":\"yyy\"}","timestamp":"2016-08-26T01:50:05.695Z"}
{"level":"info","message":"{\"_id\":\"57bf9ed0759f92902ebb6926\",\"mId\":\"57bf9ed0759f92902ebb6926\",\"mPersonName\":\"ooooooo\",\"mTel\":\"13926955555\",\"mIdCard\":\"452122199308070001\",\"mCardPath\":\"XrOkPwK8PVZRKaHnPseckaG3.jpg\",\"mLocation\":\"oooo\",\"mBrand\":\"oooo\"}","timestamp":"2016-08-26T01:50:05.696Z"}
{"level":"info","message":"{\"_id\":\"57bf9ef6759f92902ebb6927\",\"mId\":\"57bf9ef6759f92902ebb6927\",\"mPersonName\":\"ppppppppp\",\"mTel\":\"13926556465\",\"mIdCard\":\"452122199308070001\",\"mCardPath\":\"jlZ1vSxc7LE54vtjLWos8k3q.jpg\",\"mLocation\":\"pppppp\",\"mBrand\":\"ppppppp\"}","timestamp":"2016-08-26T01:50:05.696Z"}
{"level":"info","message":"{\"_id\":\"57bf9f37759f92902ebb6928\",\"mId\":\"57bf9f37759f92902ebb6928\",\"mPersonName\":\"ffffff\",\"mTel\":\"13569741358\",\"mIdCard\":\"452122199308070001\",\"mCardPath\":\"HCK-o9p0BnTkGVYsktBitXlI.jpg\",\"mLocation\":\"fff\",\"mBrand\":\"fffff\"}","timestamp":"2016-08-26T01:50:05.697Z"}
{"level":"info","message":"{\"fId\":\"57bf9ff3759f92902ebb6929\",\"fName\":\"test3\",\"mId\":\"57bf9f37759f92902ebb6928\",\"fViewPath\":\"JjxxVdOrxJBnTDUjjkDr7qcJ.jpg\"}","timestamp":"2016-08-26T01:50:05.697Z"}
{"level":"info","message":"{\"_id\":\"57bfa04d759f92902ebb692a\",\"mId\":\"57bfa04d759f92902ebb692a\",\"mPersonName\":\"yyyyyy\",\"mTel\":\"13526433115\",\"mIdCard\":\"452122199308070001\",\"mCardPath\":\"0qHyDgwiHDoiEEfthuvrpm8v.jpg\",\"mLocation\":\"yyyy\",\"mBrand\":\"yyy\"}","timestamp":"2016-08-26T01:50:05.698Z"}
{"level":"info","message":"57bf9c9c13f032c403b3c56f#晨颖的小店","timestamp":"2016-08-26T01:50:54.090Z"}
{"level":"info","message":"57bf9c9c13f032c403b3c56f#晨颖的小店","timestamp":"2016-08-26T01:51:15.463Z"}
{"level":"info","message":"57bf9c9c13f032c403b3c56f#晨颖的小店","timestamp":"2016-08-26T01:51:39.656Z"}
{"level":"info","message":"{\"fId\":\"57bf1de012547df0255dd3b1\",\"fName\":\"vvv\",\"mId\":\"57beff3430df5db81f14fba0\",\"fViewPath\":\"BF4hLAOXqZt-uqRAQpzMzVd0.png\"}","timestamp":"2016-08-26T01:56:19.724Z"}
{"level":"info","message":"{\"fId\":\"57bf1e8a12547df0255dd3b2\",\"fName\":\"a\",\"mId\":\"57beff3430df5db81f14fba0\",\"fViewPath\":\"W9iFgGr8d6eub1FgFuL08xY3.png\"}","timestamp":"2016-08-26T01:56:25.532Z"}
{"level":"info","message":"{\"fId\":\"57bf1e9812547df0255dd3b3\",\"fName\":\"r\",\"mId\":\"57beff3430df5db81f14fba0\",\"fViewPath\":\"wInoeNzEWqJRN4HJQUK1dJOJ.png\"}","timestamp":"2016-08-26T01:56:29.255Z"}
{"level":"info","message":"{\"fId\":\"57bf1ea512547df0255dd3b4\",\"fName\":\"rrrr\",\"mId\":\"57beff3430df5db81f14fba0\",\"fViewPath\":\"H3NgJ5t_UsHWOaSgdEICewaQ.png\"}","timestamp":"2016-08-26T01:56:57.897Z"}
{"level":"info","message":"{\"fId\":\"57bf9ae6a4f10e001d3e8e4c\",\"fName\":\"aaa\",\"mId\":\"57beff3430df5db81f14fba0\",\"fViewPath\":\"1CZXhx1CXw8Lme047cRPq8mo.jpg\"}","timestamp":"2016-08-26T01:56:58.676Z"}
{"level":"info","message":"{\"fId\":\"57bf9afea4f10e001d3e8e4d\",\"fName\":\"bbb\",\"mId\":\"57beff3430df5db81f14fba0\",\"fViewPath\":\"xt27cbmYbhVM9hE2cL9-b__3.jpg\"}","timestamp":"2016-08-26T01:57:51.517Z"}
{"level":"info","message":"{\"fId\":\"57bf9b11a4f10e001d3e8e4e\",\"fName\":\"ccc\",\"mId\":\"57beff3430df5db81f14fba0\",\"fViewPath\":\"cnIjU421-ILtieCYTie65tmV.jpg\"}","timestamp":"2016-08-26T01:57:52.506Z"}
{"level":"info","message":"{\"fId\":\"57bf1a74b717dad8105d77cd\",\"fName\":\"dish3\",\"mId\":\"57beff3430df5db81f14fba0\",\"fViewPath\":\"h2dcM71bGbajXvhh05F8kh3v.jpg\"}","timestamp":"2016-08-26T01:58:55.100Z"}
{"level":"info","message":"{\"fId\":\"57bf1adeb717dad8105d77ce\",\"fName\":\"vicky\",\"mId\":\"57beff3430df5db81f14fba0\",\"fViewPath\":\"8DEcV2mbBdZ1vEZB55JpCMY0.jpg\"}","timestamp":"2016-08-26T01:58:55.651Z"}
{"level":"info","message":"{\"fId\":\"57bf1de012547df0255dd3b1\",\"fName\":\"vvv\",\"mId\":\"57beff3430df5db81f14fba0\",\"fViewPath\":\"BF4hLAOXqZt-uqRAQpzMzVd0.png\"}","timestamp":"2016-08-26T01:58:56.219Z"}
{"level":"info","message":"{\"fId\":\"57bf1e8a12547df0255dd3b2\",\"fName\":\"a\",\"mId\":\"57beff3430df5db81f14fba0\",\"fViewPath\":\"W9iFgGr8d6eub1FgFuL08xY3.png\"}","timestamp":"2016-08-26T01:59:56.144Z"}
{"level":"info","message":"{\"fId\":\"57bf1e9812547df0255dd3b3\",\"fName\":\"r\",\"mId\":\"57beff3430df5db81f14fba0\",\"fViewPath\":\"wInoeNzEWqJRN4HJQUK1dJOJ.png\"}","timestamp":"2016-08-26T01:59:56.917Z"}
{"level":"info","message":"{\"fId\":\"57bf1ea512547df0255dd3b4\",\"fName\":\"rrrr\",\"mId\":\"57beff3430df5db81f14fba0\",\"fViewPath\":\"H3NgJ5t_UsHWOaSgdEICewaQ.png\"}","timestamp":"2016-08-26T01:59:57.488Z"}
{"level":"info","message":"57bf9e7413f032c403b3c572#晨颖的小店","timestamp":"2016-08-26T02:04:50.973Z"}
{"level":"info","message":"57bf9e7313f032c403b3c571#晨颖的小店","timestamp":"2016-08-26T02:04:56.750Z"}
{"level":"info","message":"57bf9e7013f032c403b3c570#晨颖的小店","timestamp":"2016-08-26T02:05:00.752Z"}
{"level":"info","message":"{\"_id\":\"57bfa5a7f7ad0c5c2ed66a28\",\"mId\":\"57bfa5a7f7ad0c5c2ed66a28\",\"mPersonName\":\"avril\",\"mTel\":\"13926957686\",\"mIdCard\":\"452122199308070001\",\"mCardPath\":\"GdXDrPHXQMhnGYf0XKbsKWST.jpg\",\"mLocation\":\"nanruan\",\"mBrand\":\"super tea\"}","timestamp":"2016-08-26T02:12:55.086Z"}
{"level":"info","message":"{\"_id\":\"57bfa6b4f78847f028c2447f\",\"mId\":\"57bfa6b4f78847f028c2447f\",\"mPersonName\":\"avril1\",\"mTel\":\"13926957689\",\"mIdCard\":\"452122199308070001\",\"mCardPath\":\"Drc9J8snJ4tQaFpC0CHZOb0G.jpg\",\"mLocation\":\"aaa\",\"mBrand\":\"yyy\"}","timestamp":"2016-08-26T02:17:24.296Z"}
{"level":"info","message":"{\"fId\":\"57bfa71af78847f028c24480\",\"fName\":\"test1\",\"mId\":\"57bfa6b4f78847f028c2447f\",\"fViewPath\":\"qa0q-3j2llec4aNYJRKo9r_J.jpg\"}","timestamp":"2016-08-26T02:19:47.952Z"}
{"level":"info","message":"{\"fId\":\"57bfa73ff78847f028c24481\",\"fName\":\"test2\",\"mId\":\"57bfa6b4f78847f028c2447f\",\"fViewPath\":\"4XdCBmj9fq8a7cFZJp-Jezve.jpg\"}","timestamp":"2016-08-26T02:19:48.669Z"}
{"level":"info","message":"{\"_id\":\"57bfab7e5cd42f6c2f17bcd9\",\"mId\":\"57bfab7e5cd42f6c2f17bcd9\",\"mPersonName\":\"avril\",\"mTel\":\"13926957686\",\"mIdCard\":\"452122199308070001\",\"mCardPath\":\"jc79ogzHpeV1R78BjboI7ocW.jpg\",\"mLocation\":\"nanruan\",\"mBrand\":\"super tea\"}","timestamp":"2016-08-26T02:37:50.338Z"}
{"level":"info","message":"undefined#0.09090909090909091","timestamp":"2016-08-26T02:39:10.016Z"}
{"level":"info","message":"undefined#0.09090909090909091","timestamp":"2016-08-26T02:39:13.010Z"}
{"level":"info","message":"{\"_id\":\"57bfae8740a10f0c2c46185d\",\"mId\":\"57bfae8740a10f0c2c46185d\",\"mPersonName\":\"sunvin\",\"mTel\":\"13726259726\",\"mIdCard\":\"441381199506032725\",\"mCardPath\":\"L2IA2Y5BPjGjiQzxNEFoi8NU.jpg\",\"mLocation\":\"zha\",\"mBrand\":\"kkkk\"}","timestamp":"2016-08-26T02:50:47.283Z"}
{"level":"info","message":"57bfabe9039805000d0ed69e#super tea","timestamp":"2016-08-26T02:51:09.747Z"}
{"level":"info","message":"57bfb0f8039805000d0ed6a8#super tea","timestamp":"2016-08-26T03:01:34.324Z"}
{"level":"info","message":"{\"_id\":\"57bfb2d9a4a7aec426c1f0b7\",\"mId\":\"57bfb2d9a4a7aec426c1f0b7\",\"mPersonName\":\"avril\",\"mTel\":\"13926957686\",\"mIdCard\":\"452122199308070001\",\"mCardPath\":\"dJHGFjlXPvnH7JXT8SXUqtbv.jpg\",\"mLocation\":\"nan ruan 17 lou\",\"mBrand\":\"avril's tea\"}","timestamp":"2016-08-26T03:09:13.750Z"}
{"level":"info","message":"{\"_id\":\"57bfb307a4a7aec426c1f0b8\",\"mId\":\"57bfb307a4a7aec426c1f0b8\",\"mPersonName\":\"vicky\",\"mTel\":\"15071237066\",\"mIdCard\":\"420117199303035529\",\"mCardPath\":\"-srpyJ84uBiLSPkyL2YeKj8u.png\",\"mLocation\":\"武汉大学\",\"mBrand\":\"VIcky‘s Coco\"}","timestamp":"2016-08-26T03:09:59.601Z"}
{"level":"info","message":"{\"_id\":\"57bfb30fa4a7aec426c1f0b9\",\"mId\":\"57bfb30fa4a7aec426c1f0b9\",\"mPersonName\":\"帅哥\",\"mTel\":\"13556155709\",\"mIdCard\":\"342625199401160576\",\"mCardPath\":\"WtN-dp2Db4TuAq13km-qFdMV.png\",\"mLocation\":\"南软一号大店铺\",\"mBrand\":\"你猜不出我有多帅\"}","timestamp":"2016-08-26T03:10:07.027Z"}
{"level":"info","message":"{\"_id\":\"57bfb30fa4a7aec426c1f0ba\",\"mId\":\"57bfb30fa4a7aec426c1f0ba\",\"mPersonName\":\"sunvin\",\"mTel\":\"13726259726\",\"mIdCard\":\"441381199506062728\",\"mCardPath\":\"dfGQf4c9DJPGsduNszQC8JEu.jpg\",\"mLocation\":\"惠州\",\"mBrand\":\"晨颖的小店\"}","timestamp":"2016-08-26T03:10:07.487Z"}
{"level":"info","message":"{\"_id\":\"57bfb32ca4a7aec426c1f0bb\",\"mId\":\"57bfb32ca4a7aec426c1f0bb\",\"mPersonName\":\"Stark\",\"mTel\":\"13000000000\",\"mIdCard\":\"441000199909090000\",\"mCardPath\":\"rO6Ym4lXzwTkGA0oyJ8TLG_S.jpg\",\"mLocation\":\"美丽湾\",\"mBrand\":\"Stark's 奶茶店\"}","timestamp":"2016-08-26T03:10:36.652Z"}
{"level":"info","message":"{\"fId\":\"57bfb36da4a7aec426c1f0bd\",\"fName\":\"雪花冰\",\"mId\":\"57bfb30fa4a7aec426c1f0ba\",\"fViewPath\":\"e699gUa1RmdIIN5wwA7XSlet.png\"}","timestamp":"2016-08-26T03:11:46.926Z"}
{"level":"info","message":"{\"fId\":\"57bfb366a4a7aec426c1f0bc\",\"fName\":\"皇家虾饺\",\"mId\":\"57bfb30fa4a7aec426c1f0b9\",\"fViewPath\":\"IgrILPxtufSCJOykPUfkmHar.png\"}","timestamp":"2016-08-26T03:12:10.638Z"}
{"level":"info","message":"{\"fId\":\"57bfb399a4a7aec426c1f0c0\",\"fName\":\"汉堡1\",\"mId\":\"57bfb32ca4a7aec426c1f0bb\",\"fViewPath\":\"7hAKOFyhpZ8ouosKfcgbENEh.png\"}","timestamp":"2016-08-26T03:14:02.207Z"}
{"level":"info","message":"{\"fId\":\"57bfb3f1259b968c2ed99d8c\",\"fName\":\"foo汉堡\",\"mId\":\"57bfb32ca4a7aec426c1f0bb\",\"fViewPath\":\"EovhCe3uo5jrY2dqsemHMX9L.png\"}","timestamp":"2016-08-26T03:14:03.397Z"}
{"level":"info","message":"{\"_id\":\"57bfb427259b968c2ed99d8f\",\"mId\":\"57bfb427259b968c2ed99d8f\",\"mPersonName\":\"Bart\",\"mTel\":\"15007115190\",\"mIdCard\":\"412846199401052222\",\"mCardPath\":\"39CN4kY2dhZ6ETi6XSqrVox0.jpg\",\"mLocation\":\"naruan\",\"mBrand\":\"KaiFC\"}","timestamp":"2016-08-26T03:14:47.655Z"}
{"level":"info","message":"{\"fId\":\"57bfb3ec259b968c2ed99d8b\",\"fName\":\"天使之恋\",\"mId\":\"57bfb2d9a4a7aec426c1f0b7\",\"fViewPath\":\"CUVZhw35IEnHhk7UWbuakCnC.jpg\"}","timestamp":"2016-08-26T03:20:49.783Z"}
{"level":"info","message":"{\"fId\":\"57bfb4bdd15615f40f0a67de\",\"fName\":\"熊猫奶盖乌龙茶\",\"mId\":\"57bfb2d9a4a7aec426c1f0b7\",\"fViewPath\":\"wieI6Cd5sGzsnG98_Oj2mWPg.jpg\"}","timestamp":"2016-08-26T03:20:52.831Z"}
{"level":"info","message":"57bfb5763cd00d841a8eef39#你猜不出我有多帅","timestamp":"2016-08-26T03:20:55.924Z"}
{"level":"info","message":"57bfb44ecb10b98c08018196#你猜不出我有多帅","timestamp":"2016-08-26T03:21:09.686Z"}
{"level":"info","message":"57bfb5d1cb10b98c0801819b#VIcky‘s Coco","timestamp":"2016-08-26T03:23:28.086Z"}
{"level":"info","message":"{\"fId\":\"57bfb611d15615f40f0a67df\",\"fName\":\"太阳蛋\",\"mId\":\"57bfb427259b968c2ed99d8f\",\"fViewPath\":\"SVOpuUfni01UV72Id_JXuLLV.jpg\"}","timestamp":"2016-08-26T03:23:30.778Z"}
{"level":"info","message":"57bfb6143cd00d841a8eef3d#avril's tea","timestamp":"2016-08-26T03:23:34.392Z"}
{"level":"info","message":"57bfb60ecb10b98c0801819f#avril's tea","timestamp":"2016-08-26T03:23:54.282Z"}
{"level":"info","message":"57bfb60ccb10b98c0801819e#avril's tea","timestamp":"2016-08-26T03:24:03.070Z"}
{"level":"info","message":"57bfb5c8cb10b98c08018199#avril's tea","timestamp":"2016-08-26T03:24:40.678Z"}
{"level":"info","message":"57bfb5bb3cd00d841a8eef3b#VIcky‘s Coco","timestamp":"2016-08-26T03:24:59.211Z"}
{"level":"info","message":"57bfb4ebcb10b98c08018198#avril's tea","timestamp":"2016-08-26T03:24:59.262Z"}
{"level":"info","message":"{\"fId\":\"57bfb416259b968c2ed99d8d\",\"fName\":\"寒天奇异果\",\"mId\":\"57bfb2d9a4a7aec426c1f0b7\",\"fViewPath\":\"W1t8XFjhcWiKG4FVGRy5byGS.jpg\"}","timestamp":"2016-08-26T03:25:34.662Z"}
{"level":"info","message":"57bfb447cb10b98c08018195#晨颖的小店","timestamp":"2016-08-26T03:25:48.715Z"}
{"level":"info","message":"{\"fId\":\"57bfb37ba4a7aec426c1f0be\",\"fName\":\"雪花牛扒\",\"mId\":\"57bfb30fa4a7aec426c1f0b9\",\"fViewPath\":\"0lMgAXZH5fiFE9njec85uHQ_.png\"}","timestamp":"2016-08-26T03:26:42.432Z"}
{"level":"info","message":"{\"fId\":\"57bfb41e259b968c2ed99d8e\",\"fName\":\"白色三明治\",\"mId\":\"57bfb30fa4a7aec426c1f0b9\",\"fViewPath\":\"TjaW6wWwQzAGETYcoDtSfPrV.png\"}","timestamp":"2016-08-26T03:26:43.323Z"}
{"level":"info","message":"{\"fId\":\"57bfb6e1d15615f40f0a67e1\",\"fName\":\"vicky02\",\"mId\":\"57bfb307a4a7aec426c1f0b8\",\"fViewPath\":\"6ki_UcHkwpd1LyR77xMr3Kb3.png\"}","timestamp":"2016-08-26T03:26:43.687Z"}
{"level":"info","message":"{\"fId\":\"57bfb704d15615f40f0a67e3\",\"fName\":\"奶盖红茶\",\"mId\":\"57bfb2d9a4a7aec426c1f0b7\",\"fViewPath\":\"140fRYHLati1Fe9hlk3t-A0m.jpg\"}","timestamp":"2016-08-26T03:27:17.857Z"}
{"level":"info","message":"57bfb7613cd00d841a8eef41#KaiFengCai","timestamp":"2016-08-26T03:32:53.725Z"}
{"level":"info","message":"{\"_id\":\"57bfb9c565615cc8223bcb55\",\"mId\":\"57bfb9c565615cc8223bcb55\",\"mPersonName\":\"vicky02\",\"mTel\":\"15071237065\",\"mIdCard\":\"420117199303035529\",\"mCardPath\":\"yJe5iT2A0Lnn4WmoE_ilQ4t6.png\",\"mLocation\":\"uuu\",\"mBrand\":\"vicky‘s coco\"}","timestamp":"2016-08-26T03:38:43.052Z"}
{"level":"info","message":"{\"_id\":\"57bfccb1d15615f40f0a67e9\",\"mId\":\"57bfccb1d15615f40f0a67e9\",\"mPersonName\":\"avril007\",\"mTel\":\"13926957689\",\"mIdCard\":\"452122199308070001\",\"mCardPath\":\"_dXGZegYffPLDTkRaTN_N6F1.jpg\",\"mLocation\":\"zhuhai\",\"mBrand\":\"Super tea\"}","timestamp":"2016-08-26T04:59:29.880Z"}
{"level":"info","message":"{\"_id\":\"57bfcd61c41cb2a82d5bc509\",\"mId\":\"57bfcd61c41cb2a82d5bc509\",\"mPersonName\":\"avril007\",\"mTel\":\"13926957689\",\"mIdCard\":\"452122199308070001\",\"mCardPath\":\"Lun7N4sePmMREXFqDJpdJGh4.jpg\",\"mLocation\":\"yyyy\",\"mBrand\":\"Super tea\"}","timestamp":"2016-08-26T05:02:25.589Z"}
{"level":"info","message":"{\"_id\":\"57bfcdfd9d7103882f8b638c\",\"mId\":\"57bfcdfd9d7103882f8b638c\",\"mPersonName\":\"avril007\",\"mTel\":\"13926957689\",\"mIdCard\":\"452122199308070001\",\"mCardPath\":\"GPEA9KvhmN6aIDy2Yov1YJRO.jpg\",\"mLocation\":\"yyyy\",\"mBrand\":\"Super tea\"}","timestamp":"2016-08-26T05:05:01.321Z"}
{"level":"info","message":"{\"fId\":\"57bfce449d7103882f8b638d\",\"fName\":\"dish1\",\"mId\":\"57bfcdfd9d7103882f8b638c\",\"fViewPath\":\"8iMaJXq4skOfxTgLmFiZ-JwM.jpg\"}","timestamp":"2016-08-26T05:06:21.228Z"}
{"level":"info","message":"{\"_id\":\"57bfd6979d7103882f8b638e\",\"mId\":\"57bfd6979d7103882f8b638e\",\"mPersonName\":\"avril's haha\",\"mTel\":\"13631223783\",\"mIdCard\":\"452122199308070001\",\"mCardPath\":\"jGnp5dxBOSFzE1R7HHWxJWTR.jpg\",\"mLocation\":\"nanruan\",\"mBrand\":\"Kinva's Yonhe\"}","timestamp":"2016-08-26T05:41:43.986Z"}
{"level":"info","message":"{\"fId\":\"57bfd6e19d7103882f8b638f\",\"fName\":\"豆浆\",\"mId\":\"57bfd6979d7103882f8b638e\",\"fViewPath\":\"ok73fSGV8xn6q9gJRb9_1plp.jpg\"}","timestamp":"2016-08-26T05:43:09.696Z"}
{"level":"info","message":"{\"_id\":\"57bfd70d9d7103882f8b6390\",\"mId\":\"57bfd70d9d7103882f8b6390\",\"mPersonName\":\"benny\",\"mTel\":\"13512587895\",\"mIdCard\":\"343432233332233\",\"mCardPath\":\"EE6XwPpDBwDslkrkqL9hkua6.jpg\",\"mLocation\":\"33\",\"mBrand\":\"33\"}","timestamp":"2016-08-26T05:43:41.905Z"}
{"level":"info","message":"57bfd720a8940d541a2a8160#Kinva's Yonhe","timestamp":"2016-08-26T05:44:34.525Z"}
{"level":"info","message":"57bfd7d8a8940d541a2a8163#你猜不出我有多帅","timestamp":"2016-08-26T05:47:57.196Z"}
{"level":"info","message":"{\"_id\":\"57bfd88a9d7103882f8b6392\",\"mId\":\"57bfd88a9d7103882f8b6392\",\"mPersonName\":\"tommy\",\"mTel\":\"13845678912\",\"mIdCard\":\"554584645654644\",\"mCardPath\":\"uJkWI6F1YnEKJ7ttxp-9YpdY.png\",\"mLocation\":\"test\",\"mBrand\":\"tommy store\"}","timestamp":"2016-08-26T05:50:02.503Z"}
{"level":"info","message":"{\"_id\":\"57bfd9599d7103882f8b6393\",\"mId\":\"57bfd9599d7103882f8b6393\",\"mPersonName\":\"ethan\",\"mTel\":\"13333333333\",\"mIdCard\":\"333333333333333333\",\"mCardPath\":\"tawwtVmbNjE4rJO3454DwJ2v.jpg\",\"mLocation\":\"333\",\"mBrand\":\"333\"}","timestamp":"2016-08-26T05:53:29.290Z"}
{"level":"info","message":"{\"fId\":\"57bfda569d7103882f8b6395\",\"fName\":\"扇贝\",\"mId\":\"57bfd88a9d7103882f8b6392\",\"fViewPath\":\"Z8Y5JWRtznEGYaQDirroYl3a.png\"}","timestamp":"2016-08-26T05:58:46.730Z"}
{"level":"info","message":"{\"fId\":\"57bfda809d7103882f8b6396\",\"fName\":\"牛肉\",\"mId\":\"57bfd88a9d7103882f8b6392\",\"fViewPath\":\"h_12kvi5LBpg4qiTdI8lqC02.png\"}","timestamp":"2016-08-26T05:58:48.827Z"}
{"level":"info","message":"{\"fId\":\"57bfda809d7103882f8b6396\",\"fName\":\"牛肉\",\"mId\":\"57bfd88a9d7103882f8b6392\",\"fViewPath\":\"h_12kvi5LBpg4qiTdI8lqC02.png\"}","timestamp":"2016-08-26T05:58:48.993Z"}
{"level":"info","message":"{\"_id\":\"57bfe8e5a5c943d02b3ea43c\",\"mId\":\"57bfe8e5a5c943d02b3ea43c\",\"mPersonName\":\"bartTest\",\"mTel\":\"15007115192\",\"mIdCard\":\"412846199401052222\",\"mCardPath\":\"p7yVZBJ6Hcv03uYfqxSzv4-B.jpg\",\"mLocation\":\"nanRuan\",\"mBrand\":\"KAAA\"}","timestamp":"2016-08-26T06:59:49.533Z"}
{"level":"info","message":"{\"_id\":\"57bfe98ba5d5e99c2cab3e49\",\"mId\":\"57bfe98ba5d5e99c2cab3e49\",\"mPersonName\":\"daMai\",\"mTel\":\"15007115190\",\"mIdCard\":\"412846199401052222\",\"mCardPath\":\"zQCAjoSITq3X9DezkLUkUy5P.jpg\",\"mLocation\":\"nanRuanAAA\",\"mBrand\":\"daMai\"}","timestamp":"2016-08-26T07:02:35.729Z"}
